[debug] [2022-07-18T19:08:59.802Z] ----------------------------------------------------------------------
[debug] [2022-07-18T19:08:59.804Z] Command:       C:\Program Files\nodejs\node.exe C:\Users\Lenovo\AppData\Roaming\npm\node_modules\firebase-tools\lib\bin\firebase.js init
[debug] [2022-07-18T19:08:59.804Z] CLI Version:   11.3.0
[debug] [2022-07-18T19:08:59.804Z] Platform:      win32
[debug] [2022-07-18T19:08:59.805Z] Node Version:  v16.15.0
[debug] [2022-07-18T19:08:59.806Z] Time:          Tue Jul 19 2022 00:38:59 GMT+0530 (India Standard Time)
[debug] [2022-07-18T19:08:59.806Z] ----------------------------------------------------------------------
[debug] 
[debug] [2022-07-18T19:08:59.814Z] > command requires scopes: ["email","openid","https://www.googleapis.com/auth/cloudplatformprojects.readonly","https://www.googleapis.com/auth/firebase","https://www.googleapis.com/auth/cloud-platform"]
[debug] [2022-07-18T19:08:59.815Z] > authorizing via signed-in user (binaryhus0423@gmail.com)
[info] 
     ######## #### ########  ######## ########     ###     ######  ########
     ##        ##  ##     ## ##       ##     ##  ##   ##  ##       ##
     ######    ##  ########  ######   ########  #########  ######  ######
     ##        ##  ##    ##  ##       ##     ## ##     ##       ## ##
     ##       #### ##     ## ######## ########  ##     ##  ######  ########

You're about to initialize a Firebase project in this directory:

  C:\Users\Lenovo\Desktop\codee

[info] 
=== Project Setup
[info] 
[info] First, let's associate this project directory with a Firebase project.
[info] You can create multiple project aliases by running firebase use --add, 
[info] but for now we'll just set up a default project.
[info] 
[debug] [2022-07-18T19:13:15.770Z] >>> [apiv2][query] GET https://firebase.googleapis.com/v1beta1/projects pageSize=100
[debug] [2022-07-18T19:13:16.765Z] <<< [apiv2][status] GET https://firebase.googleapis.com/v1beta1/projects 200
[debug] [2022-07-18T19:13:16.765Z] <<< [apiv2][body] GET https://firebase.googleapis.com/v1beta1/projects [omitted]
[info] i  Using project servizillaweb (ServizillaWeb) 
[info] 
=== Database Setup
[info] i  database: ensuring required API firebasedatabase.googleapis.com is enabled... 
[debug] [2022-07-18T19:13:34.706Z] >>> [apiv2][query] GET https://serviceusage.googleapis.com/v1/projects/servizillaweb/services/firebasedatabase.googleapis.com [none]
[debug] [2022-07-18T19:13:36.605Z] <<< [apiv2][status] GET https://serviceusage.googleapis.com/v1/projects/servizillaweb/services/firebasedatabase.googleapis.com 200
[debug] [2022-07-18T19:13:36.605Z] <<< [apiv2][body] GET https://serviceusage.googleapis.com/v1/projects/servizillaweb/services/firebasedatabase.googleapis.com [omitted]
[info] +  database: required API firebasedatabase.googleapis.com is enabled 
[info] 
[debug] [2022-07-18T19:13:36.607Z] >>> [apiv2][query] GET https://firebasedatabase.googleapis.com/v1beta/projects/servizillaweb/locations/-/instances/servizillaweb-default-rtdb [none]
[debug] [2022-07-18T19:13:37.466Z] <<< [apiv2][status] GET https://firebasedatabase.googleapis.com/v1beta/projects/servizillaweb/locations/-/instances/servizillaweb-default-rtdb 200
[debug] [2022-07-18T19:13:37.466Z] <<< [apiv2][body] GET https://firebasedatabase.googleapis.com/v1beta/projects/servizillaweb/locations/-/instances/servizillaweb-default-rtdb {"name":"projects/1030643070219/locations/asia-southeast1/instances/servizillaweb-default-rtdb","project":"projects/1030643070219","databaseUrl":"https://servizillaweb-default-rtdb.asia-southeast1.firebasedatabase.app","type":"DEFAULT_DATABASE","state":"ACTIVE"}
[info] 
[info] Firebase Realtime Database Security Rules allow you to define how your data should be
[info] structured and when your data can be read from and written to.
[info] 
[debug] [2022-07-18T19:14:24.997Z] >>> [apiv2][query] GET https://servizillaweb-default-rtdb.asia-southeast1.firebasedatabase.app/.settings/rules.json [none]
[debug] [2022-07-18T19:14:25.305Z] <<< [apiv2][status] GET https://servizillaweb-default-rtdb.asia-southeast1.firebasedatabase.app/.settings/rules.json 200
[debug] [2022-07-18T19:14:25.306Z] <<< [apiv2][body] GET https://servizillaweb-default-rtdb.asia-southeast1.firebasedatabase.app/.settings/rules.json [stream]
[info] +  Database Rules for servizillaweb-default-rtdb have been written to database.rules.json. 
[info] Future modifications to database.rules.json will update Realtime Database Security Rules when you run
[info] firebase deploy.
[info] 
=== Firestore Setup
[debug] [2022-07-18T19:14:25.314Z] >>> [apiv2][query] GET https://serviceusage.googleapis.com/v1/projects/servizillaweb/services/firestore.googleapis.com [none]
[debug] [2022-07-18T19:14:27.166Z] <<< [apiv2][status] GET https://serviceusage.googleapis.com/v1/projects/servizillaweb/services/firestore.googleapis.com 200
[debug] [2022-07-18T19:14:27.166Z] <<< [apiv2][body] GET https://serviceusage.googleapis.com/v1/projects/servizillaweb/services/firestore.googleapis.com [omitted]
[debug] [2022-07-18T19:14:27.166Z] >>> [apiv2][query] GET https://appengine.googleapis.com/v1/apps/servizillaweb [none]
[debug] [2022-07-18T19:14:27.807Z] <<< [apiv2][status] GET https://appengine.googleapis.com/v1/apps/servizillaweb 200
[debug] [2022-07-18T19:14:27.807Z] <<< [apiv2][body] GET https://appengine.googleapis.com/v1/apps/servizillaweb {"name":"apps/servizillaweb","id":"servizillaweb","authDomain":"gmail.com","locationId":"asia-southeast1","codeBucket":"staging.servizillaweb.appspot.com","servingStatus":"SERVING","defaultHostname":"servizillaweb.as.r.appspot.com","defaultBucket":"servizillaweb.appspot.com","serviceAccount":"servizillaweb@appspot.gserviceaccount.com","gcrDomain":"asia.gcr.io","databaseType":"CLOUD_FIRESTORE","featureSettings":{"splitHealthChecks":true,"useContainerOptimizedOs":true}}
[debug] [2022-07-18T19:14:27.807Z] database_type: CLOUD_FIRESTORE
[debug] [2022-07-18T19:14:27.807Z] > command requires scopes: ["email","openid","https://www.googleapis.com/auth/cloudplatformprojects.readonly","https://www.googleapis.com/auth/firebase","https://www.googleapis.com/auth/cloud-platform"]
[debug] [2022-07-18T19:14:27.807Z] > authorizing via signed-in user (binaryhus0423@gmail.com)
[debug] [2022-07-18T19:14:27.807Z] [iam] checking project servizillaweb for permissions ["firebase.projects.get"]
[debug] [2022-07-18T19:14:27.808Z] >>> [apiv2][query] POST https://cloudresourcemanager.googleapis.com/v1/projects/servizillaweb:testIamPermissions [none]
[debug] [2022-07-18T19:14:27.808Z] >>> [apiv2][body] POST https://cloudresourcemanager.googleapis.com/v1/projects/servizillaweb:testIamPermissions {"permissions":["firebase.projects.get"]}
[debug] [2022-07-18T19:14:29.385Z] <<< [apiv2][status] POST https://cloudresourcemanager.googleapis.com/v1/projects/servizillaweb:testIamPermissions 200
[debug] [2022-07-18T19:14:29.385Z] <<< [apiv2][body] POST https://cloudresourcemanager.googleapis.com/v1/projects/servizillaweb:testIamPermissions {"permissions":["firebase.projects.get"]}
[info] 
[info] Firestore Security Rules allow you to define how and when to allow
[info] requests. You can keep these rules in your project directory
[info] and publish them with firebase deploy.
[info] 
[debug] [2022-07-18T19:14:42.830Z] >>> [apiv2][query] GET https://firebaserules.googleapis.com/v1/projects/servizillaweb/releases pageSize=10&pageToken=
[debug] [2022-07-18T19:14:44.603Z] <<< [apiv2][status] GET https://firebaserules.googleapis.com/v1/projects/servizillaweb/releases 200
[debug] [2022-07-18T19:14:44.603Z] <<< [apiv2][body] GET https://firebaserules.googleapis.com/v1/projects/servizillaweb/releases {"releases":[{"name":"projects/servizillaweb/releases/cloud.firestore","rulesetName":"projects/servizillaweb/rulesets/6e532cf9-8174-4493-b646-6d56d51d83e0","createTime":"2022-07-17T15:50:30.522233Z","updateTime":"2022-07-17T15:50:30.522233Z"},{"name":"projects/servizillaweb/releases/firebase.storage/servizillaweb.appspot.com","rulesetName":"projects/servizillaweb/rulesets/e05bd3db-1424-48f5-b958-ee08f32512f4","createTime":"2022-07-16T15:47:58.645031Z","updateTime":"2022-07-16T15:47:58.645031Z"}]}
[debug] [2022-07-18T19:14:44.603Z] Found ruleset: projects/servizillaweb/rulesets/6e532cf9-8174-4493-b646-6d56d51d83e0
[debug] [2022-07-18T19:14:44.604Z] >>> [apiv2][query] GET https://firebaserules.googleapis.com/v1/projects/servizillaweb/rulesets/6e532cf9-8174-4493-b646-6d56d51d83e0 [none]
[debug] [2022-07-18T19:14:46.138Z] <<< [apiv2][status] GET https://firebaserules.googleapis.com/v1/projects/servizillaweb/rulesets/6e532cf9-8174-4493-b646-6d56d51d83e0 200
[debug] [2022-07-18T19:14:46.139Z] <<< [apiv2][body] GET https://firebaserules.googleapis.com/v1/projects/servizillaweb/rulesets/6e532cf9-8174-4493-b646-6d56d51d83e0 [omitted]
[info] 
[info] Firestore indexes allow you to perform complex queries while
[info] maintaining performance that scales with the size of the result
[info] set. You can keep index definitions in your project directory
[info] and publish them with firebase deploy.
[info] 
[debug] [2022-07-18T19:14:47.391Z] >>> [apiv2][query] GET https://firestore.googleapis.com/v1/projects/servizillaweb/databases/(default)/collectionGroups/-/indexes [none]
[debug] [2022-07-18T19:14:47.392Z] >>> [apiv2][query] GET https://firestore.googleapis.com/v1/projects/servizillaweb/databases/(default)/collectionGroups/-/fields?filter=indexConfig.usesAncestorConfig=false [none]
[debug] [2022-07-18T19:14:48.087Z] <<< [apiv2][status] GET https://firestore.googleapis.com/v1/projects/servizillaweb/databases/(default)/collectionGroups/-/fields?filter=indexConfig.usesAncestorConfig=false 200
[debug] [2022-07-18T19:14:48.087Z] <<< [apiv2][body] GET https://firestore.googleapis.com/v1/projects/servizillaweb/databases/(default)/collectionGroups/-/fields?filter=indexConfig.usesAncestorConfig=false {"fields":[{"name":"projects/servizillaweb/databases/(default)/collectionGroups/__default__/fields/*","indexConfig":{"indexes":[{"queryScope":"COLLECTION","fields":[{"fieldPath":"*","order":"ASCENDING"}],"state":"READY"},{"queryScope":"COLLECTION","fields":[{"fieldPath":"*","order":"DESCENDING"}],"state":"READY"},{"queryScope":"COLLECTION","fields":[{"fieldPath":"*","arrayConfig":"CONTAINS"}],"state":"READY"}]}}]}
[debug] [2022-07-18T19:14:48.100Z] <<< [apiv2][status] GET https://firestore.googleapis.com/v1/projects/servizillaweb/databases/(default)/collectionGroups/-/indexes 200
[debug] [2022-07-18T19:14:48.100Z] <<< [apiv2][body] GET https://firestore.googleapis.com/v1/projects/servizillaweb/databases/(default)/collectionGroups/-/indexes {}
[info] 
=== Functions Setup
[info] 
[info] A functions directory will be created in your project with sample code
[info] pre-configured. Functions can be deployed with firebase deploy.
[info] 
[debug] [2022-07-18T19:14:48.113Z] > command requires scopes: ["email","openid","https://www.googleapis.com/auth/cloudplatformprojects.readonly","https://www.googleapis.com/auth/firebase","https://www.googleapis.com/auth/cloud-platform"]
[debug] [2022-07-18T19:14:48.113Z] > authorizing via signed-in user (binaryhus0423@gmail.com)
[debug] [2022-07-18T19:14:48.113Z] [iam] checking project servizillaweb for permissions ["firebase.projects.get"]
[debug] [2022-07-18T19:14:48.114Z] >>> [apiv2][query] POST https://cloudresourcemanager.googleapis.com/v1/projects/servizillaweb:testIamPermissions [none]
[debug] [2022-07-18T19:14:48.114Z] >>> [apiv2][body] POST https://cloudresourcemanager.googleapis.com/v1/projects/servizillaweb:testIamPermissions {"permissions":["firebase.projects.get"]}
[debug] [2022-07-18T19:14:49.661Z] <<< [apiv2][status] POST https://cloudresourcemanager.googleapis.com/v1/projects/servizillaweb:testIamPermissions 200
[debug] [2022-07-18T19:14:49.661Z] <<< [apiv2][body] POST https://cloudresourcemanager.googleapis.com/v1/projects/servizillaweb:testIamPermissions {"permissions":["firebase.projects.get"]}
[debug] [2022-07-18T19:14:49.661Z] >>> [apiv2][query] GET https://serviceusage.googleapis.com/v1/projects/servizillaweb/services/cloudfunctions.googleapis.com [none]
[debug] [2022-07-18T19:14:49.662Z] >>> [apiv2][query] GET https://serviceusage.googleapis.com/v1/projects/servizillaweb/services/runtimeconfig.googleapis.com [none]
[debug] [2022-07-18T19:14:51.483Z] <<< [apiv2][status] GET https://serviceusage.googleapis.com/v1/projects/servizillaweb/services/runtimeconfig.googleapis.com 200
[debug] [2022-07-18T19:14:51.483Z] <<< [apiv2][body] GET https://serviceusage.googleapis.com/v1/projects/servizillaweb/services/runtimeconfig.googleapis.com [omitted]
[debug] [2022-07-18T19:14:51.515Z] <<< [apiv2][status] GET https://serviceusage.googleapis.com/v1/projects/servizillaweb/services/cloudfunctions.googleapis.com 200
[debug] [2022-07-18T19:14:51.515Z] <<< [apiv2][body] GET https://serviceusage.googleapis.com/v1/projects/servizillaweb/services/cloudfunctions.googleapis.com [omitted]
[debug] [2022-07-18T19:14:51.515Z] >>> [apiv2][query] POST https://serviceusage.googleapis.com/v1/projects/servizillaweb/services/cloudfunctions.googleapis.com:enable [none]
[debug] [2022-07-18T19:14:53.509Z] <<< [apiv2][status] POST https://serviceusage.googleapis.com/v1/projects/servizillaweb/services/cloudfunctions.googleapis.com:enable 200
[debug] [2022-07-18T19:14:53.509Z] <<< [apiv2][body] POST https://serviceusage.googleapis.com/v1/projects/servizillaweb/services/cloudfunctions.googleapis.com:enable [omitted]
[debug] [2022-07-18T19:15:03.516Z] >>> [apiv2][query] GET https://serviceusage.googleapis.com/v1/projects/servizillaweb/services/cloudfunctions.googleapis.com [none]
[debug] [2022-07-18T19:15:05.418Z] <<< [apiv2][status] GET https://serviceusage.googleapis.com/v1/projects/servizillaweb/services/cloudfunctions.googleapis.com 200
[debug] [2022-07-18T19:15:05.418Z] <<< [apiv2][body] GET https://serviceusage.googleapis.com/v1/projects/servizillaweb/services/cloudfunctions.googleapis.com [omitted]
[info] +  Wrote functions/package.json 
[info] +  Wrote functions/.eslintrc.js 
[info] +  Wrote functions/index.js 
[info] +  Wrote functions/.gitignore 
[info] 
=== Hosting Setup
[info] 
[info] Your public directory is the folder (relative to your project directory) that
[info] will contain Hosting assets to be uploaded with firebase deploy. If you
[info] have a build process for your assets, use your build's output directory.
[info] 
[debug] [2022-07-18T19:17:25.236Z] >>> [apiv2][query] GET https://www.gstatic.com/firebasejs/releases.json [none]
[debug] [2022-07-18T19:17:25.426Z] <<< [apiv2][status] GET https://www.gstatic.com/firebasejs/releases.json 200
[debug] [2022-07-18T19:17:25.426Z] <<< [apiv2][body] GET https://www.gstatic.com/firebasejs/releases.json {"current":{"version":"9.9.0","browserURL":"https://www.gstatic.com/firebasejs/9.9.0/firebase.js","packageURL":"https://www.gstatic.com/firebasejs/9.9.0/firebase.tgz"},"live":{"version":"9.9","browserURL":"https://www.gstatic.com/firebasejs/live/9.9/firebase.js","packageURL":"https://www.gstatic.com/firebasejs/live/9.9/firebase.tgz"},"components":{"analytics":"https://www.gstatic.com/firebasejs/9.9.0/firebase-analytics.js","app":"https://www.gstatic.com/firebasejs/9.9.0/firebase-app.js","app-check":"https://www.gstatic.com/firebasejs/9.9.0/firebase-app-check.js","auth":"https://www.gstatic.com/firebasejs/9.9.0/firebase-auth.js","auth/cordova":"https://www.gstatic.com/firebasejs/9.9.0/firebase-auth/cordova.js","auth/react-native":"https://www.gstatic.com/firebasejs/9.9.0/firebase-auth/react-native.js","functions":"https://www.gstatic.com/firebasejs/9.9.0/firebase-functions.js","firestore":"https://www.gstatic.com/firebasejs/9.9.0/firebase-firestore.js","firestore/lite":"https://www.gstatic.com/firebasejs/9.9.0/firebase-firestore/lite.js","installations":"https://www.gstatic.com/firebasejs/9.9.0/firebase-installations.js","storage":"https://www.gstatic.com/firebasejs/9.9.0/firebase-storage.js","performance":"https://www.gstatic.com/firebasejs/9.9.0/firebase-performance.js","remote-config":"https://www.gstatic.com/firebasejs/9.9.0/firebase-remote-config.js","messaging":"https://www.gstatic.com/firebasejs/9.9.0/firebase-messaging.js","messaging/sw":"https://www.gstatic.com/firebasejs/9.9.0/firebase-messaging/sw.js","database":"https://www.gstatic.com/firebasejs/9.9.0/firebase-database.js","firestore.memory":"https://www.gstatic.com/firebasejs/9.9.0/firebase-firestore.memory.js"}}
[info] +  Wrote public/index.html 
[info] 
[info] i  Detected a .git folder at C:\Users\Lenovo 
[info] i  Authorizing with GitHub to upload your service account to a GitHub repository's secrets store. 
[info] 
[info] Visit this URL on this device to log in:
[info] https://github.com/login/oauth/authorize?client_id=89cf50f02ac6aaed3484&state=799458937&redirect_uri=http%3A%2F%2Flocalhost%3A9005&scope=read%3Auser%20repo%20public_repo
[info] 
[info] Waiting for authentication...
[debug] [2022-07-18T19:17:38.737Z] >>> [apiv2][query] POST https://github.com/login/oauth/access_token [none]
[debug] [2022-07-18T19:17:38.737Z] >>> [apiv2][body] POST https://github.com/login/oauth/access_token [stream]
[debug] [2022-07-18T19:17:39.183Z] <<< [apiv2][status] POST https://github.com/login/oauth/access_token 200
[debug] [2022-07-18T19:17:39.183Z] <<< [apiv2][body] POST https://github.com/login/oauth/access_token {"access_token":"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","token_type":"bearer","scope":"read:user,repo"}
[debug] [2022-07-18T19:17:39.187Z] >>> [apiv2][query] GET https://api.github.com/user [none]
[debug] [2022-07-18T19:17:39.632Z] <<< [apiv2][status] GET https://api.github.com/user 200
[debug] [2022-07-18T19:17:39.632Z] <<< [apiv2][body] GET https://api.github.com/user {"login":"Suvansh7","id":96539773,"node_id":"U_kgDOBcEUfQ","avatar_url":"https://avatars.githubusercontent.com/u/96539773?v=4","gravatar_id":"","url":"https://api.github.com/users/Suvansh7","html_url":"https://github.com/Suvansh7","followers_url":"https://api.github.com/users/Suvansh7/followers","following_url":"https://api.github.com/users/Suvansh7/following{/other_user}","gists_url":"https://api.github.com/users/Suvansh7/gists{/gist_id}","starred_url":"https://api.github.com/users/Suvansh7/starred{/owner}{/repo}","subscriptions_url":"https://api.github.com/users/Suvansh7/subscriptions","organizations_url":"https://api.github.com/users/Suvansh7/orgs","repos_url":"https://api.github.com/users/Suvansh7/repos","events_url":"https://api.github.com/users/Suvansh7/events{/privacy}","received_events_url":"https://api.github.com/users/Suvansh7/received_events","type":"User","site_admin":false,"name":null,"company":null,"blog":"","location":null,"email":null,"hireable":null,"bio":null,"twitter_username":null,"public_repos":1,"public_gists":0,"followers":3,"following":1,"created_at":"2021-12-22T16:08:00Z","updated_at":"2022-07-16T07:12:42Z","private_gists":0,"total_private_repos":2,"owned_private_repos":2,"disk_usage":282,"collaborators":6,"two_factor_authentication":false,"plan":{"name":"free","space":976562499,"collaborators":0,"private_repos":10000}}
[info] 
[info] +  Success! Logged into GitHub as Suvansh7 
[info] 
[debug] [2022-07-18T19:17:49.788Z] >>> [apiv2][query] GET https://api.github.com/repos//actions/secrets/public-key type=owner
[debug] [2022-07-18T19:17:50.116Z] <<< [apiv2][status] GET https://api.github.com/repos//actions/secrets/public-key 404
[debug] [2022-07-18T19:17:50.117Z] <<< [apiv2][body] GET https://api.github.com/repos//actions/secrets/public-key {"message":"Not Found","documentation_url":"https://docs.github.com/rest"}
